<?xml version="1.0" encoding="UTF-8"?>
<testsuite name="com.incubyte.LeapYearServiceTest" tests="1" skipped="0" failures="0" errors="0" timestamp="2022-08-18T12:47:12" hostname="Mohammeds-MacBook-Pro.local" time="0.018">
  <properties/>
  <testcase name="yearShouldNotBeLeapYearIfDivisibleBy100AndNotBy400()" classname="com.incubyte.LeapYearServiceTest" time="0.018"/>
  <system-out><![CDATA[]]></system-out>
  <system-err><![CDATA[]]></system-err>
</testsuite>
