<?xml version="1.0" encoding="UTF-8"?>
<testsuite name="com.incubyte.LeapYearServiceTest" tests="5" skipped="0" failures="0" errors="0" timestamp="2022-08-18T13:12:08" hostname="Mohammeds-MacBook-Pro.local" time="0.042">
  <properties/>
  <testcase name="yearShouldNotBeLeapYearIfNotDivisibleBy4()" classname="com.incubyte.LeapYearServiceTest" time="0.017"/>
  <testcase name="yearShouldBeLeapYearIfDivisibleBy4ButNotBy100()" classname="com.incubyte.LeapYearServiceTest" time="0.001"/>
  <testcase name="yearShouldNotBeLeapYearIfDivisibleBy100AndNotBy400()" classname="com.incubyte.LeapYearServiceTest" time="0.001"/>
  <testcase name="shouldThrowIllegalArgumentExceptionIfYearIsPassedAsNegative()" classname="com.incubyte.LeapYearServiceTest" time="0.02"/>
  <testcase name="yearShouldBeLeapYearWhenDivisibleBy400()" classname="com.incubyte.LeapYearServiceTest" time="0.0"/>
  <system-out><![CDATA[]]></system-out>
  <system-err><![CDATA[]]></system-err>
</testsuite>
