<?xml version="1.0" encoding="UTF-8"?>
<testsuite name="com.incubyte.LeapYearServiceTest" tests="2" skipped="0" failures="0" errors="0" timestamp="2022-08-18T12:47:56" hostname="Mohammeds-MacBook-Pro.local" time="0.02">
  <properties/>
  <testcase name="yearShouldNotBeLeapYearIfDivisibleBy100AndNotBy400()" classname="com.incubyte.LeapYearServiceTest" time="0.018"/>
  <testcase name="yearShouldBeLeapYearWhenDivisibleBy400()" classname="com.incubyte.LeapYearServiceTest" time="0.001"/>
  <system-out><![CDATA[]]></system-out>
  <system-err><![CDATA[]]></system-err>
</testsuite>
